#
# A fatal error has been detected by the Java Runtime Environment:
#
#  EXCEPTION_STACK_OVERFLOW (0xc00000fd) at pc=0x6400b9a3, pid=18456, tid=0x00001470
#
# JRE version: Java(TM) SE Runtime Environment (8.0_191-b12) (build 1.8.0_191-b12)
# Java VM: Java HotSpot(TM) Client VM (25.191-b12 mixed mode windows-x86 )
# Problematic frame:
# C  [jSSC-2.8_x86.dll+0xb9a3]
#
# Failed to write core dump. Minidumps are not enabled by default on client versions of Windows
#
# If you would like to submit a bug report, please visit:
#   http://bugreport.java.com/bugreport/crash.jsp
# The crash happened outside the Java Virtual Machine in native code.
# See problematic frame for where to report the bug.
#

---------------  T H R E A D  ---------------

Current thread (0x2aa25000):  JavaThread "EventThread COM6" [_thread_in_native, id=5232, stack(0x27d90000,0x27de0000)]

siginfo: ExceptionCode=0xc00000fd, ExceptionInformation=0x00000001 0x27d90ab0 

Registers:
EAX=0x0003e750, EBX=0x286e4a58, ECX=0x27d90ab0, EDX=0x00000000
ESP=0x27ddfaa4, EBP=0x27ddfb08, ESI=0x2aa25140, EDI=0x286e4a6c
EIP=0x6400b9a3, EFLAGS=0x00010202

Top of Stack: (sp=0x27ddfaa4)
0x27ddfaa4:   0008c750 00000000 64001739 00000014
0x27ddfab4:   2a909468 00000001 00000004 00000000
0x27ddfac4:   00000001 0008c742 00000001 031e9160
0x27ddfad4:   0000001f 00000f98 2a909468 0000001f
0x27ddfae4:   0000001f 255abb50 00000000 25524268
0x27ddfaf4:   00000000 27ddfb28 00000000 0b2cc0b0
0x27ddfb04:   2aa25000 27ddfb38 03505da5 2aa25140
0x27ddfb14:   27ddfb24 00000f98 00000000 0008c742 

Instructions: (pc=0x6400b9a3)
0x6400b983:   fd ff ff eb 91 90 90 90 90 90 90 90 90 51 50 3d
0x6400b993:   00 10 00 00 8d 4c 24 0c 72 15 81 e9 00 10 00 00
0x6400b9a3:   83 09 00 2d 00 10 00 00 3d 00 10 00 00 77 eb 29
0x6400b9b3:   c1 83 09 00 58 59 c3 90 90 8b 44 24 04 c7 00 ff 


Register to memory mapping:

EAX=0x0003e750 is an unknown value
EBX=0x286e4a58 is an unknown value
ECX=0x27d90ab0 is pointing into the stack for thread: 0x2aa25000
EDX=0x00000000 is an unknown value
ESP=0x27ddfaa4 is pointing into the stack for thread: 0x2aa25000
EBP=0x27ddfb08 is pointing into the stack for thread: 0x2aa25000
ESI=0x2aa25140 is an unknown value
EDI=0x286e4a6c is an unknown value


Stack: [0x27d90000,0x27de0000],  sp=0x27ddfaa4,  free space=318k
Native frames: (J=compiled Java code, j=interpreted, Vv=VM code, C=native code)
C  [jSSC-2.8_x86.dll+0xb9a3]
J 4348  jssc.SerialNativeInterface.readBytes(JI)[B (0 bytes) @ 0x03505da5 [0x03505d10+0x95]
J 11222% C1 jssc.SerialPort$EventThread.run()V (84 bytes) @ 0x034bf2c0 [0x034bf010+0x2b0]
v  ~StubRoutines::call_stub
V  [jvm.dll+0x15c315]
V  [jvm.dll+0x223ece]
V  [jvm.dll+0x15c3ae]
V  [jvm.dll+0x15c536]
V  [jvm.dll+0x15c5a7]
V  [jvm.dll+0x1002ef]
V  [jvm.dll+0x17f550]
V  [jvm.dll+0x17fdca]
V  [jvm.dll+0x1c57a6]
C  [msvcr100.dll+0x5c556]
C  [msvcr100.dll+0x5c600]
C  [KERNEL32.DLL+0x1fcc9]
C  [ntdll.dll+0x67c6e]
C  [ntdll.dll+0x67c3e]
C  0x00000000

Java frames: (J=compiled Java code, j=interpreted, Vv=VM code)
J 4348  jssc.SerialNativeInterface.readBytes(JI)[B (0 bytes) @ 0x03505d61 [0x03505d10+0x51]
J 11222% C1 jssc.SerialPort$EventThread.run()V (84 bytes) @ 0x034bf2c0 [0x034bf010+0x2b0]
v  ~StubRoutines::call_stub

---------------  P R O C E S S  ---------------

Java Threads: ( => current thread )
=>0x2aa25000 JavaThread "EventThread COM6" [_thread_in_native, id=5232, stack(0x27d90000,0x27de0000)]
  0x2aa29000 JavaThread "JmDNS(LAPTOP-1PJR3MM8.local.).State.Timer" [_thread_blocked, id=19560, stack(0x27650000,0x276a0000)]
  0x2aa24400 JavaThread "JmDNS(LAPTOP-1PJR3MM8.local.).Timer" daemon [_thread_blocked, id=14284, stack(0x275c0000,0x27610000)]
  0x2aa28400 JavaThread "SocketListener(LAPTOP-1PJR3MM8.local.)" daemon [_thread_in_native, id=12124, stack(0x27530000,0x27580000)]
  0x2aa23c00 JavaThread "JmDNS(LAPTOP-1PJR3MM8.local.).State.Timer" [_thread_blocked, id=7336, stack(0x05260000,0x052b0000)]
  0x2aa21c00 JavaThread "JmDNS(LAPTOP-1PJR3MM8.local.).Timer" daemon [_thread_blocked, id=22004, stack(0x02cb0000,0x02d00000)]
  0x2aa22400 JavaThread "SocketListener(LAPTOP-1PJR3MM8.local.)" daemon [_thread_in_native, id=23724, stack(0x02c00000,0x02c50000)]
  0x2aa23800 JavaThread "DestroyJavaVM" [_thread_blocked, id=10252, stack(0x02e70000,0x02ec0000)]
  0x28e46400 JavaThread "TimerQueue" daemon [_thread_blocked, id=13788, stack(0x2bca0000,0x2bcf0000)]
  0x28e49400 JavaThread "AWT-EventQueue-0" [_thread_blocked, id=9136, stack(0x2b760000,0x2b7b0000)]
  0x28e49000 JavaThread "AWT-Shutdown" [_thread_blocked, id=13560, stack(0x2b6d0000,0x2b720000)]
  0x28e47400 JavaThread "Batik CleanerThread" daemon [_thread_blocked, id=7856, stack(0x2a2a0000,0x2a2f0000)]
  0x28e47c00 JavaThread "JmDNS(10-108-130-141.local.).State.Timer" [_thread_blocked, id=24188, stack(0x29f20000,0x29f70000)]
  0x28e43000 JavaThread "JmDNS(10-108-130-141.local.).Timer" daemon [_thread_blocked, id=23520, stack(0x29e90000,0x29ee0000)]
  0x28e42400 JavaThread "SocketListener(10-108-130-141.local.)" daemon [_thread_in_native, id=10516, stack(0x29e00000,0x29e50000)]
  0x26caf800 JavaThread "Multihomed mDNS.Timer" daemon [_thread_blocked, id=20320, stack(0x27310000,0x27360000)]
  0x26cb0400 JavaThread "cc.arduino.packages.discoverers.serial.SerialDiscovery" [_thread_blocked, id=20584, stack(0x29950000,0x299a0000)]
  0x26ec2000 JavaThread "AWT-Windows" daemon [_thread_in_native, id=2592, stack(0x273a0000,0x273f0000)]
  0x26ef3000 JavaThread "Java2D Disposer" daemon [_thread_blocked, id=25200, stack(0x27280000,0x272d0000)]
  0x26664c00 JavaThread "Service Thread" daemon [_thread_blocked, id=20024, stack(0x26b20000,0x26b70000)]
  0x26672000 JavaThread "C1 CompilerThread0" daemon [_thread_blocked, id=13960, stack(0x26a90000,0x26ae0000)]
  0x2666fc00 JavaThread "Attach Listener" daemon [_thread_blocked, id=8028, stack(0x26a00000,0x26a50000)]
  0x2666dc00 JavaThread "Signal Dispatcher" daemon [_thread_blocked, id=24676, stack(0x26970000,0x269c0000)]
  0x2664e000 JavaThread "Finalizer" daemon [_thread_blocked, id=24964, stack(0x25a70000,0x25ac0000)]
  0x26648000 JavaThread "Reference Handler" daemon [_thread_blocked, id=1656, stack(0x259e0000,0x25a30000)]

Other Threads:
  0x26632400 VMThread [stack: 0x25950000,0x259a0000] [id=19828]
  0x26669000 WatcherThread [stack: 0x26bb0000,0x26c00000] [id=18472]

VM state:not at safepoint (normal execution)

VM Mutex/Monitor currently owned by a thread: None

Heap:
 def new generation   total 97024K, used 81478K [0x05400000, 0x0bd40000, 0x0fea0000)
  eden space 86272K,  88% used [0x05400000, 0x09e9fb50, 0x0a840000)
  from space 10752K,  47% used [0x0b2c0000, 0x0b7b2070, 0x0bd40000)
  to   space 10752K,   0% used [0x0a840000, 0x0a840000, 0x0b2c0000)
 tenured generation   total 215412K, used 109612K [0x0fea0000, 0x1d0fd000, 0x25400000)
   the space 215412K,  50% used [0x0fea0000, 0x169ab108, 0x169ab200, 0x1d0fd000)
 Metaspace       used 25251K, capacity 25812K, committed 25856K, reserved 25984K

Card table byte_map: [0x052c0000,0x053d0000] byte_map_base: 0x05296000

Polling page: 0x02c50000

CodeCache: size=32768Kb used=1892Kb max_used=4524Kb free=30875Kb
 bounds [0x03100000, 0x03570000, 0x05100000]
 total_blobs=1115 nmethods=819 adapters=225
 compilation: enabled

Compilation events (10 events):
Event: 12606.683 Thread 0x26672000 13420             java.util.PriorityQueue::siftDownComparable (118 bytes)
Event: 12606.683 Thread 0x26672000 nmethod 13420 0x032abc08 code [0x032abd50, 0x032ac0b8]
Event: 12606.868 Thread 0x26672000 13421             java.awt.Component::setBounds (10 bytes)
Event: 12606.868 Thread 0x26672000 nmethod 13421 0x03547a48 code [0x03547b50, 0x03547bfc]
Event: 12606.868 Thread 0x26672000 13422   !         java.awt.Component::reshape (312 bytes)
Event: 12606.871 Thread 0x26672000 nmethod 13422 0x03219cc8 code [0x03219e60, 0x0321a4c8]
Event: 12606.918 Thread 0x26672000 13423             java.awt.geom.RectangularShape::<init> (5 bytes)
Event: 12606.918 Thread 0x26672000 nmethod 13423 0x031d2bc8 code [0x031d2cc0, 0x031d2d40]
Event: 12607.929 Thread 0x26672000 13424             sun.awt.AWTAutoShutdown::getInstance (4 bytes)
Event: 12607.929 Thread 0x26672000 nmethod 13424 0x031c8cc8 code [0x031c8dc0, 0x031c8e30]

GC Heap History (10 events):
Event: 9739.980 GC heap before
{Heap before GC invocations=22 (full 4):
 def new generation   total 97024K, used 89241K [0x05400000, 0x0bd40000, 0x0fea0000)
  eden space 86272K, 100% used [0x05400000, 0x0a840000, 0x0a840000)
  from space 10752K,  27% used [0x0a840000, 0x0ab26628, 0x0b2c0000)
  to   space 10752K,   0% used [0x0b2c0000, 0x0b2c0000, 0x0bd40000)
 tenured generation   total 215412K, used 106781K [0x0fea0000, 0x1d0fd000, 0x25400000)
   the space 215412K,  49% used [0x0fea0000, 0x166e7470, 0x166e7600, 0x1d0fd000)
 Metaspace       used 25251K, capacity 25812K, committed 25856K, reserved 25984K
Event: 9739.986 GC heap after
Heap after GC invocations=23 (full 4):
 def new generation   total 97024K, used 2967K [0x05400000, 0x0bd40000, 0x0fea0000)
  eden space 86272K,   0% used [0x05400000, 0x05400000, 0x0a840000)
  from space 10752K,  27% used [0x0b2c0000, 0x0b5a5d70, 0x0bd40000)
  to   space 10752K,   0% used [0x0a840000, 0x0a840000, 0x0b2c0000)
 tenured generation   total 215412K, used 106781K [0x0fea0000, 0x1d0fd000, 0x25400000)
   the space 215412K,  49% used [0x0fea0000, 0x166e7470, 0x166e7600, 0x1d0fd000)
 Metaspace       used 25251K, capacity 25812K, committed 25856K, reserved 25984K
}
Event: 10378.948 GC heap before
{Heap before GC invocations=23 (full 4):
 def new generation   total 97024K, used 89239K [0x05400000, 0x0bd40000, 0x0fea0000)
  eden space 86272K, 100% used [0x05400000, 0x0a840000, 0x0a840000)
  from space 10752K,  27% used [0x0b2c0000, 0x0b5a5d70, 0x0bd40000)
  to   space 10752K,   0% used [0x0a840000, 0x0a840000, 0x0b2c0000)
 tenured generation   total 215412K, used 106781K [0x0fea0000, 0x1d0fd000, 0x25400000)
   the space 215412K,  49% used [0x0fea0000, 0x166e7470, 0x166e7600, 0x1d0fd000)
 Metaspace       used 25251K, capacity 25812K, committed 25856K, reserved 25984K
Event: 10378.954 GC heap after
Heap after GC invocations=24 (full 4):
 def new generation   total 97024K, used 6129K [0x05400000, 0x0bd40000, 0x0fea0000)
  eden space 86272K,   0% used [0x05400000, 0x05400000, 0x0a840000)
  from space 10752K,  57% used [0x0a840000, 0x0ae3c618, 0x0b2c0000)
  to   space 10752K,   0% used [0x0b2c0000, 0x0b2c0000, 0x0bd40000)
 tenured generation   total 215412K, used 106781K [0x0fea0000, 0x1d0fd000, 0x25400000)
   the space 215412K,  49% used [0x0fea0000, 0x166e7470, 0x166e7600, 0x1d0fd000)
 Metaspace       used 25251K, capacity 25812K, committed 25856K, reserved 25984K
}
Event: 10951.998 GC heap before
{Heap before GC invocations=24 (full 4):
 def new generation   total 97024K, used 92401K [0x05400000, 0x0bd40000, 0x0fea0000)
  eden space 86272K, 100% used [0x05400000, 0x0a840000, 0x0a840000)
  from space 10752K,  57% used [0x0a840000, 0x0ae3c618, 0x0b2c0000)
  to   space 10752K,   0% used [0x0b2c0000, 0x0b2c0000, 0x0bd40000)
 tenured generation   total 215412K, used 106781K [0x0fea0000, 0x1d0fd000, 0x25400000)
   the space 215412K,  49% used [0x0fea0000, 0x166e7470, 0x166e7600, 0x1d0fd000)
 Metaspace       used 25251K, capacity 25812K, committed 25856K, reserved 25984K
Event: 10952.008 GC heap after
Heap after GC invocations=25 (full 4):
 def new generation   total 97024K, used 3897K [0x05400000, 0x0bd40000, 0x0fea0000)
  eden space 86272K,   0% used [0x05400000, 0x05400000, 0x0a840000)
  from space 10752K,  36% used [0x0b2c0000, 0x0b68e658, 0x0bd40000)
  to   space 10752K,   0% used [0x0a840000, 0x0a840000, 0x0b2c0000)
 tenured generation   total 215412K, used 109612K [0x0fea0000, 0x1d0fd000, 0x25400000)
   the space 215412K,  50% used [0x0fea0000, 0x169ab108, 0x169ab200, 0x1d0fd000)
 Metaspace       used 25251K, capacity 25812K, committed 25856K, reserved 25984K
}
Event: 11526.937 GC heap before
{Heap before GC invocations=25 (full 4):
 def new generation   total 97024K, used 90169K [0x05400000, 0x0bd40000, 0x0fea0000)
  eden space 86272K, 100% used [0x05400000, 0x0a840000, 0x0a840000)
  from space 10752K,  36% used [0x0b2c0000, 0x0b68e658, 0x0bd40000)
  to   space 10752K,   0% used [0x0a840000, 0x0a840000, 0x0b2c0000)
 tenured generation   total 215412K, used 109612K [0x0fea0000, 0x1d0fd000, 0x25400000)
   the space 215412K,  50% used [0x0fea0000, 0x169ab108, 0x169ab200, 0x1d0fd000)
 Metaspace       used 25251K, capacity 25812K, committed 25856K, reserved 25984K
Event: 11526.945 GC heap after
Heap after GC invocations=26 (full 4):
 def new generation   total 97024K, used 4757K [0x05400000, 0x0bd40000, 0x0fea0000)
  eden space 86272K,   0% used [0x05400000, 0x05400000, 0x0a840000)
  from space 10752K,  44% used [0x0a840000, 0x0ace57c8, 0x0b2c0000)
  to   space 10752K,   0% used [0x0b2c0000, 0x0b2c0000, 0x0bd40000)
 tenured generation   total 215412K, used 109612K [0x0fea0000, 0x1d0fd000, 0x25400000)
   the space 215412K,  50% used [0x0fea0000, 0x169ab108, 0x169ab200, 0x1d0fd000)
 Metaspace       used 25251K, capacity 25812K, committed 25856K, reserved 25984K
}
Event: 12111.010 GC heap before
{Heap before GC invocations=26 (full 4):
 def new generation   total 97024K, used 91029K [0x05400000, 0x0bd40000, 0x0fea0000)
  eden space 86272K, 100% used [0x05400000, 0x0a840000, 0x0a840000)
  from space 10752K,  44% used [0x0a840000, 0x0ace57c8, 0x0b2c0000)
  to   space 10752K,   0% used [0x0b2c0000, 0x0b2c0000, 0x0bd40000)
 tenured generation   total 215412K, used 109612K [0x0fea0000, 0x1d0fd000, 0x25400000)
   the space 215412K,  50% used [0x0fea0000, 0x169ab108, 0x169ab200, 0x1d0fd000)
 Metaspace       used 25251K, capacity 25812K, committed 25856K, reserved 25984K
Event: 12111.017 GC heap after
Heap after GC invocations=27 (full 4):
 def new generation   total 97024K, used 5064K [0x05400000, 0x0bd40000, 0x0fea0000)
  eden space 86272K,   0% used [0x05400000, 0x05400000, 0x0a840000)
  from space 10752K,  47% used [0x0b2c0000, 0x0b7b2070, 0x0bd40000)
  to   space 10752K,   0% used [0x0a840000, 0x0a840000, 0x0b2c0000)
 tenured generation   total 215412K, used 109612K [0x0fea0000, 0x1d0fd000, 0x25400000)
   the space 215412K,  50% used [0x0fea0000, 0x169ab108, 0x169ab200, 0x1d0fd000)
 Metaspace       used 25251K, capacity 25812K, committed 25856K, reserved 25984K
}

Deoptimization events (0 events):
No events

Classes redefined (0 events):
No events

Internal exceptions (10 events):
Event: 10152.033 Thread 0x2aa24800 Exception <a 'sun/nio/fs/WindowsException'> (0x0832dcf0) thrown at [C:\workspace\8-2-build-windows-i586-cygwin\jdk8u191\11896\hotspot\src\share\vm\prims\jni.cpp, line 709]
Event: 10152.033 Thread 0x2aa24800 Exception <a 'sun/nio/fs/WindowsException'> (0x0832e270) thrown at [C:\workspace\8-2-build-windows-i586-cygwin\jdk8u191\11896\hotspot\src\share\vm\prims\jni.cpp, line 709]
Event: 10152.036 Thread 0x2aa24800 Exception <a 'sun/nio/fs/WindowsException'> (0x0833ed00) thrown at [C:\workspace\8-2-build-windows-i586-cygwin\jdk8u191\11896\hotspot\src\share\vm\prims\jni.cpp, line 709]
Event: 10152.036 Thread 0x2aa24800 Exception <a 'sun/nio/fs/WindowsException'> (0x0833f218) thrown at [C:\workspace\8-2-build-windows-i586-cygwin\jdk8u191\11896\hotspot\src\share\vm\prims\jni.cpp, line 709]
Event: 10152.040 Thread 0x2aa24800 Exception <a 'sun/nio/fs/WindowsException'> (0x0835b4b8) thrown at [C:\workspace\8-2-build-windows-i586-cygwin\jdk8u191\11896\hotspot\src\share\vm\prims\jni.cpp, line 709]
Event: 10152.040 Thread 0x2aa24800 Exception <a 'sun/nio/fs/WindowsException'> (0x0835ba38) thrown at [C:\workspace\8-2-build-windows-i586-cygwin\jdk8u191\11896\hotspot\src\share\vm\prims\jni.cpp, line 709]
Event: 10152.043 Thread 0x2aa24800 Exception <a 'sun/nio/fs/WindowsException'> (0x08367ec0) thrown at [C:\workspace\8-2-build-windows-i586-cygwin\jdk8u191\11896\hotspot\src\share\vm\prims\jni.cpp, line 709]
Event: 10152.043 Thread 0x2aa24800 Exception <a 'sun/nio/fs/WindowsException'> (0x08368400) thrown at [C:\workspace\8-2-build-windows-i586-cygwin\jdk8u191\11896\hotspot\src\share\vm\prims\jni.cpp, line 709]
Event: 10152.046 Thread 0x2aa24800 Exception <a 'sun/nio/fs/WindowsException'> (0x08378248) thrown at [C:\workspace\8-2-build-windows-i586-cygwin\jdk8u191\11896\hotspot\src\share\vm\prims\jni.cpp, line 709]
Event: 10152.046 Thread 0x2aa24800 Exception <a 'sun/nio/fs/WindowsException'> (0x08378770) thrown at [C:\workspace\8-2-build-windows-i586-cygwin\jdk8u191\11896\hotspot\src\share\vm\prims\jni.cpp, line 709]

Events (10 events):
Event: 12606.684 Thread 0x26672000 flushing nmethod 0x034c1988
Event: 12606.684 Thread 0x26672000 flushing nmethod 0x03547948
Event: 12606.868 Thread 0x26672000 flushing nmethod 0x031d2b88
Event: 12606.868 Thread 0x26672000 flushing nmethod 0x031de848
Event: 12606.871 Thread 0x26672000 flushing nmethod 0x03253388
Event: 12606.871 Thread 0x26672000 flushing nmethod 0x03301248
Event: 12606.871 Thread 0x26672000 flushing nmethod 0x033014c8
Event: 12606.919 Thread 0x26672000 flushing nmethod 0x034e2a08
Event: 12607.929 Thread 0x26672000 flushing nmethod 0x031d58c8
Event: 12607.929 Thread 0x26672000 flushing nmethod 0x031f3888


Dynamic libraries:
0x007a0000 - 0x007d3000 	C:\Users\uncha\Downloads\arduino-nightly-windows\arduino-nightly\java\bin\javaw.exe
0x77e30000 - 0x77fd4000 	C:\WINDOWS\SYSTEM32\ntdll.dll
0x766d0000 - 0x767c0000 	C:\WINDOWS\System32\KERNEL32.DLL
0x776f0000 - 0x7792a000 	C:\WINDOWS\System32\KERNELBASE.dll
0x73050000 - 0x732ee000 	C:\Program Files\Norton Security\NortonData\22.22.9.11\Definitions\IPSDefs\20231122.064\IPSEng32.dll
0x76ba0000 - 0x76c1c000 	C:\WINDOWS\System32\ADVAPI32.dll
0x75e80000 - 0x75f3f000 	C:\WINDOWS\System32\msvcrt.dll
0x767d0000 - 0x76846000 	C:\WINDOWS\System32\sechost.dll
0x77930000 - 0x779ef000 	C:\WINDOWS\System32\RPCRT4.dll
0x76850000 - 0x76856000 	C:\WINDOWS\System32\PSAPI.DLL
0x76880000 - 0x76a1c000 	C:\WINDOWS\System32\USER32.dll
0x76040000 - 0x76058000 	C:\WINDOWS\System32\win32u.dll
0x75e50000 - 0x75e74000 	C:\WINDOWS\System32\GDI32.dll
0x76060000 - 0x76148000 	C:\WINDOWS\System32\gdi32full.dll
0x779f0000 - 0x77a6b000 	C:\WINDOWS\System32\msvcp_win.dll
0x76150000 - 0x76270000 	C:\WINDOWS\System32\ucrtbase.dll
0x73570000 - 0x73780000 	C:\WINDOWS\WinSxS\x86_microsoft.windows.common-controls_6595b64144ccf1df_6.0.19041.3636_none_a863d714867441db\COMCTL32.dll
0x75d30000 - 0x75d55000 	C:\WINDOWS\System32\IMM32.DLL
0x75050000 - 0x7510f000 	C:\Users\uncha\Downloads\arduino-nightly-windows\arduino-nightly\java\bin\msvcr100.dll
0x72c70000 - 0x73043000 	C:\Users\uncha\Downloads\arduino-nightly-windows\arduino-nightly\java\bin\client\jvm.dll
0x75790000 - 0x75798000 	C:\WINDOWS\SYSTEM32\VERSION.dll
0x73c20000 - 0x73c28000 	C:\WINDOWS\SYSTEM32\WSOCK32.dll
0x74ac0000 - 0x74ae8000 	C:\WINDOWS\SYSTEM32\WINMM.dll
0x75f40000 - 0x75fa3000 	C:\WINDOWS\System32\WS2_32.dll
0x75020000 - 0x75050000 	C:\Users\uncha\Downloads\arduino-nightly-windows\arduino-nightly\java\bin\splashscreen.dll
0x74c70000 - 0x74ce4000 	C:\WINDOWS\system32\uxtheme.dll
0x77a70000 - 0x77cf0000 	C:\WINDOWS\System32\combase.dll
0x75010000 - 0x7501c000 	C:\Users\uncha\Downloads\arduino-nightly-windows\arduino-nightly\java\bin\verify.dll
0x74fe0000 - 0x75002000 	C:\Users\uncha\Downloads\arduino-nightly-windows\arduino-nightly\java\bin\java.dll
0x77cf0000 - 0x77dc4000 	C:\WINDOWS\System32\MSCTF.dll
0x77240000 - 0x772d6000 	C:\WINDOWS\System32\OLEAUT32.dll
0x74fc0000 - 0x74fd4000 	C:\Users\uncha\Downloads\arduino-nightly-windows\arduino-nightly\java\bin\zip.dll
0x74b40000 - 0x74b4f000 	C:\WINDOWS\SYSTEM32\kernel.appcore.dll
0x75df0000 - 0x75e4f000 	C:\WINDOWS\System32\bcryptPrimitives.dll
0x6f950000 - 0x6fa0a000 	C:\WINDOWS\SYSTEM32\textinputframework.dll
0x6f6d0000 - 0x6f94f000 	C:\WINDOWS\System32\CoreUIComponents.dll
0x6f630000 - 0x6f6cb000 	C:\WINDOWS\System32\CoreMessaging.dll
0x75fb0000 - 0x76037000 	C:\WINDOWS\System32\SHCORE.dll
0x74d80000 - 0x74da9000 	C:\WINDOWS\SYSTEM32\ntmarta.dll
0x71140000 - 0x7121c000 	C:\WINDOWS\SYSTEM32\wintypes.dll
0x76c20000 - 0x771d7000 	C:\WINDOWS\System32\SHELL32.dll
0x75140000 - 0x75753000 	C:\WINDOWS\SYSTEM32\windows.storage.dll
0x75110000 - 0x75134000 	C:\WINDOWS\SYSTEM32\Wldp.dll
0x76a60000 - 0x76aa5000 	C:\WINDOWS\System32\shlwapi.dll
0x74cf0000 - 0x74d0c000 	C:\WINDOWS\SYSTEM32\profapi.dll
0x61940000 - 0x619b3000 	C:\Users\uncha\Downloads\arduino-nightly-windows\arduino-nightly\lib\listSerialsj.dll
0x76270000 - 0x766a8000 	C:\WINDOWS\System32\SETUPAPI.dll
0x76a20000 - 0x76a5b000 	C:\WINDOWS\System32\cfgmgr32.dll
0x76860000 - 0x76879000 	C:\WINDOWS\System32\bcrypt.dll
0x74ef0000 - 0x74f0d000 	C:\Users\uncha\Downloads\arduino-nightly-windows\arduino-nightly\lib\jnidispatch-4.2.2-win32-x86.dll
0x76ab0000 - 0x76b93000 	C:\WINDOWS\System32\Ole32.dll
0x74bf0000 - 0x74c05000 	C:\Users\uncha\Downloads\arduino-nightly-windows\arduino-nightly\java\bin\net.dll
0x73b50000 - 0x73ba2000 	C:\WINDOWS\system32\mswsock.dll
0x74fb0000 - 0x74fbf000 	C:\Users\uncha\Downloads\arduino-nightly-windows\arduino-nightly\java\bin\nio.dll
0x739d0000 - 0x73b17000 	C:\Users\uncha\Downloads\arduino-nightly-windows\arduino-nightly\java\bin\awt.dll
0x732f0000 - 0x7338f000 	C:\WINDOWS\SYSTEM32\apphelp.dll
0x72970000 - 0x72996000 	C:\WINDOWS\system32\DWMAPI.DLL
0x74bb0000 - 0x74be9000 	C:\Users\uncha\Downloads\arduino-nightly-windows\arduino-nightly\java\bin\fontmanager.dll
0x73460000 - 0x73563000 	C:\WINDOWS\system32\opengl32.dll
0x73990000 - 0x739cf000 	C:\WINDOWS\SYSTEM32\GLU32.dll
0x73950000 - 0x73982000 	C:\Users\uncha\Downloads\arduino-nightly-windows\arduino-nightly\java\bin\t2k.dll
0x74ba0000 - 0x74baa000 	C:\Users\uncha\Downloads\arduino-nightly-windows\arduino-nightly\java\bin\management.dll
0x72250000 - 0x72261000 	C:\WINDOWS\system32\napinsp.dll
0x72230000 - 0x72246000 	C:\WINDOWS\system32\pnrpnsp.dll
0x72220000 - 0x72230000 	C:\WINDOWS\system32\wshbth.dll
0x72200000 - 0x72216000 	C:\WINDOWS\system32\NLAapi.dll
0x74e80000 - 0x74eb2000 	C:\WINDOWS\SYSTEM32\IPHLPAPI.DLL
0x748d0000 - 0x74960000 	C:\WINDOWS\SYSTEM32\DNSAPI.dll
0x767c0000 - 0x767c7000 	C:\WINDOWS\System32\NSI.dll
0x721f0000 - 0x721fe000 	C:\WINDOWS\System32\winrnr.dll
0x72190000 - 0x721e8000 	C:\WINDOWS\System32\fwpuclnt.dll
0x72180000 - 0x72188000 	C:\Windows\System32\rasadhlp.dll
0x73bd0000 - 0x73be4000 	C:\WINDOWS\SYSTEM32\dhcpcsvc6.DLL
0x73bb0000 - 0x73bc6000 	C:\WINDOWS\SYSTEM32\dhcpcsvc.DLL
0x74b80000 - 0x74b93000 	C:\WINDOWS\SYSTEM32\CRYPTSP.dll
0x72150000 - 0x7217f000 	C:\WINDOWS\system32\rsaenh.dll
0x74b10000 - 0x74b35000 	C:\WINDOWS\SYSTEM32\USERENV.dll
0x74c10000 - 0x74c1a000 	C:\WINDOWS\SYSTEM32\CRYPTBASE.dll
0x73bf0000 - 0x73c19000 	C:\WINDOWS\SYSTEM32\DEVOBJ.dll
0x77dd0000 - 0x77e1c000 	C:\WINDOWS\System32\WINTRUST.dll
0x77510000 - 0x7760f000 	C:\WINDOWS\System32\CRYPT32.dll
0x74d20000 - 0x74d2e000 	C:\WINDOWS\SYSTEM32\MSASN1.dll
0x74b60000 - 0x74b80000 	C:\Users\uncha\Downloads\arduino-nightly-windows\arduino-nightly\java\bin\sunec.dll
0x73940000 - 0x73949000 	C:\Users\uncha\Downloads\arduino-nightly-windows\arduino-nightly\java\bin\sunmscapi.dll
0x733f0000 - 0x73459000 	C:\Users\uncha\Downloads\arduino-nightly-windows\arduino-nightly\msvcp100.dll
0x72bb0000 - 0x72c6e000 	C:\Users\uncha\Downloads\arduino-nightly-windows\arduino-nightly\msvcr100.dll
0x2a190000 - 0x2a1c2000 	C:\Users\uncha\Downloads\arduino-nightly-windows\arduino-nightly\lib\AStylej.dll
0x733c0000 - 0x733e4000 	C:\Users\uncha\Downloads\arduino-nightly-windows\arduino-nightly\java\bin\dcpr.dll
0x77610000 - 0x7768e000 	C:\WINDOWS\System32\clbcatq.dll
0x6fab0000 - 0x6fc21000 	C:\WINDOWS\SYSTEM32\WindowsCodecs.dll
0x71fb0000 - 0x71fe1000 	C:\WINDOWS\system32\dataexchange.dll
0x71dd0000 - 0x71fb0000 	C:\WINDOWS\system32\d3d11.dll
0x71c60000 - 0x71dc4000 	C:\WINDOWS\system32\dcomp.dll
0x71b90000 - 0x71c52000 	C:\WINDOWS\system32\dxgi.dll
0x719f0000 - 0x71b84000 	C:\WINDOWS\system32\twinapi.appcore.dll
0x729f0000 - 0x72a44000 	C:\WINDOWS\system32\Ninput.dll
0x64000000 - 0x6401b000 	C:\Users\uncha\Downloads\arduino-nightly-windows\arduino-nightly\lib\jSSC-2.8_x86.dll
0x71630000 - 0x7164b000 	C:\WINDOWS\SYSTEM32\edputil.dll
0x73780000 - 0x73908000 	C:\WINDOWS\SYSTEM32\dbghelp.dll

VM Arguments:
jvm_args: -Dsun.java2d.d3d=false -Djna.nosys=true -Djna.nounpack=true -Djna.boot.library.name=jnidispatch-4.2.2-win32-x86 -Djna.boot.library.path=C:\Users\uncha\Downloads\arduino-nightly-windows\arduino-nightly/lib -Djssc.library.path=C:\Users\uncha\Downloads\arduino-nightly-windows\arduino-nightly/lib -DAPP_DIR=C:\Users\uncha\Downloads\arduino-nightly-windows\arduino-nightly -Xms128M -Xmx512M -Dfile.encoding=UTF8 -Djava.net.preferIPv4Stack=true 
java_command: processing.app.Base C:\Users\uncha\Desktop\arduino sketches\Oxygen sensor\sketch_dissolvedOxygenSensor\sketch_dissolvedOxygenSensor.ino
java_class_path (initial): C:\Users\uncha\Downloads\arduino-nightly-windows\arduino-nightly\lib\apple.jar;C:\Users\uncha\Downloads\arduino-nightly-windows\arduino-nightly\lib\arduino-core.jar;C:\Users\uncha\Downloads\arduino-nightly-windows\arduino-nightly\lib\batik-1.8.jar;C:\Users\uncha\Downloads\arduino-nightly-windows\arduino-nightly\lib\batik-anim-1.8.jar;C:\Users\uncha\Downloads\arduino-nightly-windows\arduino-nightly\lib\batik-awt-util-1.8.jar;C:\Users\uncha\Downloads\arduino-nightly-windows\arduino-nightly\lib\batik-bridge-1.8.jar;C:\Users\uncha\Downloads\arduino-nightly-windows\arduino-nightly\lib\batik-codec-1.8.jar;C:\Users\uncha\Downloads\arduino-nightly-windows\arduino-nightly\lib\batik-css-1.8.jar;C:\Users\uncha\Downloads\arduino-nightly-windows\arduino-nightly\lib\batik-dom-1.8.jar;C:\Users\uncha\Downloads\arduino-nightly-windows\arduino-nightly\lib\batik-ext-1.8.jar;C:\Users\uncha\Downloads\arduino-nightly-windows\arduino-nightly\lib\batik-gvt-1.8.jar;C:\Users\uncha\Downloads\arduino-nightly-windows\arduino-nightly\lib\batik-parser-1.8.jar;C:\Users\uncha\Downloads\arduino-nightly-windows\arduino-nightly\lib\batik-rasterizer-1.8.jar;C:\Users\uncha\Downloads\arduino-nightly-windows\arduino-nightly\lib\batik-script-1.8.jar;C:\Users\uncha\Downloads\arduino-nightly-windows\arduino-nightly\lib\batik-squiggle-1.8.jar;C:\Users\uncha\Downloads\arduino-nightly-windows\arduino-nightly\lib\batik-svg-dom-1.8.jar;C:\Users\uncha\Downloads\arduino-nightly-windows\arduino-nightly\lib\batik-svgpp-1.8.jar;C:\Users\uncha\Downloads\arduino-nightly-windows\arduino-nightly\lib\batik-transcoder-1.8.jar;C:\Users\uncha\Downloads\arduino-nightly-windows\arduino-nightly\lib\batik-util-1.8.jar;C:\Users\uncha\Downloads\arduino-nightly-windows\arduino-nightly\lib\batik-xml-1.8.jar;C:\Users\uncha\Downloads\arduino-nightly-windows\arduino-nightly\lib\bcpg-jdk15on-152.jar;C:\Users\uncha\Downloads\arduino-nightly-windows\arduino-nightly\lib\bcprov-jdk15on-152.jar;C:\Users\uncha\Down
Launcher Type: SUN_STANDARD

Environment Variables:
PATH=C:\Program Files (x86)\Common Files\Oracle\Java\javapath;C:\Python311\Scripts\;C:\Python311\;C:\Program Files\Java\jdk-19\bin;C:\Program Files (x86)\VMware\VMware Workstation\bin\;C:\Python39\Scripts\;C:\Python39\;C:\Program Files\Microsoft MPI\Bin\;C:\WINDOWS\system32;C:\WINDOWS;C:\WINDOWS\System32\Wbem;C:\WINDOWS\System32\WindowsPowerShell\v1.0\;C:\WINDOWS\System32\OpenSSH\;C:\Program Files\dotnet\;C:\Program Files (x86)\Microsoft SQL Server\150\DTS\Binn\;C:\Program Files\Azure Data Studio\bin;C:\Program Files\Microsoft SQL Server\150\Tools\Binn\;C:\ProgramData\chocolatey\bin;C:\Program Files\PuTTY\;C:\cmake-3.25.2-windows-x86_64\bin;C:\Program Files\Microsoft SQL Server\Client SDK\ODBC\170\Tools\Binn\;C:\Program Files\nodejs\;C:\Program Files\Git\cmd;C:\WINDOWS\system32;C:\WINDOWS;C:\WINDOWS\System32\Wbem;C:\WINDOWS\System32\WindowsPowerShell\v1.0\;C:\WINDOWS\System32\OpenSSH\;C:\Users\uncha\AppData\Local\Microsoft\WindowsApps;C:\Users\uncha\AppData\Local\Programs\Microsoft VS Code\bin;C:\Users\uncha\.dotnet\tools;C:\Program Files\Azure Data Studio\bin;C:\Users\uncha\AndroidStudioProjects\Flutter package\flutter_windows_3.0.2-stable\flutter\bin;C:\Users\uncha\AppData\Local\JetBrains\Toolbox\scripts;C:\MinGW\bin;C:\Users\uncha\.dotnet\tools;C:\Users\uncha\AppData\Roaming\npm;C:\Users\uncha\AppData\Local\Microsoft\WindowsApps;;C:\Users\uncha\Downloads\arduino-nightly-windows\arduino-nightly\java\bin
USERNAME=uncha
OS=Windows_NT
PROCESSOR_IDENTIFIER=Intel64 Family 6 Model 126 Stepping 5, GenuineIntel



---------------  S Y S T E M  ---------------

OS: Windows 10.0 , 64 bit Build 19041 (10.0.19041.3636)

CPU:total 8 (initial active 8) (4 cores per cpu, 2 threads per core) family 6 model 126 stepping 5, cmov, cx8, fxsr, mmx, sse, sse2, sse3, ssse3, sse4.1, sse4.2, popcnt, avx, avx2, aes, clmul, erms, 3dnowpref, lzcnt, ht, tsc, tscinvbit, bmi1, bmi2, adx

Memory: 4k page, physical 16434980k(7774972k free), swap 18925348k(6868092k free)

vm_info: Java HotSpot(TM) Client VM (25.191-b12) for windows-x86 JRE (1.8.0_191-b12), built on Oct  6 2018 08:34:23 by "java_re" with MS VC++ 10.0 (VS2010)

time: Thu Nov 23 14:44:36 2023
elapsed time: 15851 seconds (0d 4h 24m 11s)

